<?xml version="1.0" encoding="UTF-8"?>
<!-- Generated by org.testng.reporters.JUnitXMLReporter -->
<testsuite hostname="MacBook-Pro-de-Demis.local" name="Default test" tests="16" failures="0" timestamp="16 Jul 2016 00:58:52 GMT" time="0.112" errors="0">
  <testcase name="cadastroSemAnoDeNascimeto" time="0.029" classname="br.com.gmail.test.cadastro.TestFluxoDeCadastro"/>
  <testcase name="cadastroSemConfirmacaoDePassword" time="0.002" classname="br.com.gmail.test.cadastro.TestFluxoDeCadastro"/>
  <testcase name="cadastroSemDiaDeNascimeto" time="0.002" classname="br.com.gmail.test.cadastro.TestFluxoDeCadastro"/>
  <testcase name="cadastroSemEmailAtual" time="0.002" classname="br.com.gmail.test.cadastro.TestFluxoDeCadastro"/>
  <testcase name="cadastroSemGenero" time="0.001" classname="br.com.gmail.test.cadastro.TestFluxoDeCadastro"/>
  <testcase name="cadastroSemMesDeNascimeto" time="0.002" classname="br.com.gmail.test.cadastro.TestFluxoDeCadastro"/>
  <testcase name="cadastroSemPrimeiroNova" time="0.001" classname="br.com.gmail.test.cadastro.TestFluxoDeCadastro"/>
  <testcase name="cadastroSemTelefone" time="0.002" classname="br.com.gmail.test.cadastro.TestFluxoDeCadastro"/>
  <testcase name="cadastroSemUserName" time="0.002" classname="br.com.gmail.test.cadastro.TestFluxoDeCadastro"/>
  <testcase name="cadastroValido" time="0.001" classname="br.com.gmail.test.cadastro.TestFluxoDeCadastro"/>
  <testcase name="cadsatroSemPassword" time="0.002" classname="br.com.gmail.test.cadastro.TestFluxoDeCadastro"/>
  <testcase name="loginEmBranco" time="0.002" classname="br.com.gmail.test.login.TestFluxoLogin"/>
  <testcase name="loginInvalido" time="0.002" classname="br.com.gmail.test.login.TestFluxoLogin"/>
  <testcase name="loginSemSenha" time="0.002" classname="br.com.gmail.test.login.TestFluxoLogin"/>
  <testcase name="loginSemUsuario" time="0.001" classname="br.com.gmail.test.login.TestFluxoLogin"/>
  <testcase name="loginValido" time="0.001" classname="br.com.gmail.test.login.TestFluxoLogin"/>
</testsuite> <!-- Default test -->
